\BOOKMARK [0][-]{chapter*.1}{\376\377\000M\036\345\000c\000\040\000l\036\345\000c}{}% 1
\BOOKMARK [0][-]{chapter*.2}{\376\377\000D\000a\000n\000h\000\040\000s\000\341\000c\000h\000\040\000H\000\354\000n\000h}{}% 2
\BOOKMARK [0][-]{chapter*.3}{\376\377\000D\000a\000n\000h\000\040\000s\000\341\000c\000h\000\040\000B\036\243\000n\000g}{}% 3
\BOOKMARK [0][-]{chapter.1}{\376\377\000C\001\241\000\040\000s\036\337\000\040\000l\000\375\000\040\000t\000h\000u\000y\036\277\000t}{}% 4
\BOOKMARK [1][-]{section.1.1}{\376\377\000G\000i\036\333\000i\000\040\000t\000h\000i\036\307\000u\000\040\000c\000\341\000c\000\040\000t\000h\000\364\000n\000g\000\040\000s\036\321\000\040\000t\000h\036\321\000n\000g\000\040\000k\000\352}{chapter.1}% 5
\BOOKMARK [2][-]{subsection.1.1.1}{\376\377\000M\000e\000a\000n\000\040\000\050\000T\000r\000u\000n\000g\000\040\000b\000\354\000n\000h\000\051}{section.1.1}% 6
\BOOKMARK [2][-]{subsection.1.1.2}{\376\377\000M\000e\000d\000i\000a\000n\000\040\000\050\000T\000r\000u\000n\000g\000\040\000v\036\313\000\051}{section.1.1}% 7
\BOOKMARK [2][-]{subsection.1.1.3}{\376\377\000M\000o\000d\000e\000\040\000\050\000G\000i\000\341\000\040\000t\000r\036\313\000\040\000x\000u\036\245\000t\000\040\000h\000i\036\307\000n\000\040\000n\000h\000i\036\301\000u\000\040\000n\000h\036\245\000t\000\051}{section.1.1}% 8
\BOOKMARK [2][-]{subsection.1.1.4}{\376\377\000P\000e\000r\000c\000e\000n\000t\000i\000l\000e\000\040\000\050\000P\000h\000\342\000n\000\040\000v\036\313\000\051}{section.1.1}% 9
\BOOKMARK [2][-]{subsection.1.1.5}{\376\377\000M\000a\000x\000\040\000a\000n\000d\000\040\000M\000i\000n\000\040\000\050\000G\000i\000\341\000\040\000t\000r\036\313\000\040\000l\036\333\000n\000\040\000n\000h\036\245\000t\000\040\000v\000\340\000\040\000n\000h\036\317\000\040\000n\000h\036\245\000t\000\051}{section.1.1}% 10
\BOOKMARK [2][-]{subsection.1.1.6}{\376\377\000R\000a\000n\000g\000e\000\040\000\050\000K\000h\000o\036\243\000n\000g\000\040\000b\000i\036\277\000n\000\040\000t\000h\000i\000\352\000n\000\051}{section.1.1}% 11
\BOOKMARK [2][-]{subsection.1.1.7}{\376\377\000V\000a\000r\000i\000a\000n\000c\000e\000\040\000\050\000P\000h\001\260\001\241\000n\000g\000\040\000s\000a\000i\000\051}{section.1.1}% 12
\BOOKMARK [2][-]{subsection.1.1.8}{\376\377\000S\000t\000a\000n\000d\000a\000r\000d\000\040\000D\000e\000v\000i\000a\000t\000i\000o\000n\000\040\000\050\001\020\036\331\000\040\000l\036\307\000c\000h\000\040\000c\000h\000u\036\251\000n\000\051}{section.1.1}% 13
\BOOKMARK [2][-]{subsection.1.1.9}{\376\377\000C\000o\000e\000f\000f\000i\000c\000i\000e\000n\000t\000\040\000o\000f\000\040\000V\000a\000r\000i\000a\000t\000i\000o\000n\000\040\000-\000\040\000C\000V\000\040\000\050\000H\036\307\000\040\000s\036\321\000\040\000b\000i\036\277\000n\000\040\000t\000h\000i\000\352\000n\000\051}{section.1.1}% 14
\BOOKMARK [2][-]{subsection.1.1.10}{\376\377\000I\000n\000t\000e\000r\000q\000u\000a\000r\000t\000i\000l\000e\000\040\000R\000a\000n\000g\000e\000\040\040\023\000\040\000I\000Q\000R\000\040\000\050\000K\000h\000o\036\243\000n\000g\000\040\000t\036\351\000\040\000p\000h\000\342\000n\000\040\000v\036\313\000\051}{section.1.1}% 15
\BOOKMARK [1][-]{section.1.2}{\376\377\000G\000i\036\333\000i\000\040\000t\000h\000i\036\307\000u\000\040\000c\000\341\000c\000\040\000b\000i\036\303\000u\000\040\001\021\036\323\000\040\000t\000r\036\361\000c\000\040\000q\000u\000a\000n}{chapter.1}% 16
\BOOKMARK [2][-]{subsection.1.2.1}{\376\377\000H\000i\000s\000t\000o\000g\000r\000a\000m\000\040\000\050\000B\000i\036\303\000u\000\040\001\021\036\323\000\040\000t\036\247\000n\000\040\000s\000u\036\245\000t\000\051}{section.1.2}% 17
\BOOKMARK [2][-]{subsection.1.2.2}{\376\377\000B\000o\000x\000\040\000P\000l\000o\000t\000\040\000\050\000B\000i\036\303\000u\000\040\001\021\036\323\000\040\000h\036\331\000p\000\051}{section.1.2}% 18
\BOOKMARK [2][-]{subsection.1.2.3}{\376\377\000S\000c\000a\000t\000t\000e\000r\000\040\000P\000l\000o\000t\000\040\000\050\000B\000i\036\303\000u\000\040\001\021\036\323\000\040\000p\000h\000\342\000n\000\040\000t\000\341\000n\000\051}{section.1.2}% 19
\BOOKMARK [2][-]{subsection.1.2.4}{\376\377\000H\000e\000a\000t\000m\000a\000p\000\040\000\050\000B\000i\036\303\000u\000\040\001\021\036\323\000\040\000n\000h\000i\036\307\000t\000\051}{section.1.2}% 20
\BOOKMARK [2][-]{subsection.1.2.5}{\376\377\000P\000i\000e\000\040\000P\000l\000o\000t\000\040\000\050\000B\000i\036\303\000u\000\040\001\021\036\323\000\040\000t\000r\000\362\000n\000\051}{section.1.2}% 21
\BOOKMARK [2][-]{subsection.1.2.6}{\376\377\000B\000a\000r\000\040\000P\000l\000o\000t\000\040\000\050\000B\000i\036\303\000u\000\040\001\021\036\323\000\040\000c\036\331\000t\000\051}{section.1.2}% 22
\BOOKMARK [2][-]{subsection.1.2.7}{\376\377\000L\000i\000n\000e\000\040\000P\000l\000o\000t\000\040\000\050\000B\000i\036\303\000u\000\040\001\021\036\323\000\040\001\021\001\260\036\335\000n\000g\000\051}{section.1.2}% 23
\BOOKMARK [1][-]{section.1.3}{\376\377\000G\000i\036\333\000i\000\040\000t\000h\000i\036\307\000u\000\040\000c\000\341\000c\000\040\000m\000\364\000\040\000h\000\354\000n\000h\000\040\000m\000\341\000y\000\040\000h\036\315\000c}{chapter.1}% 24
\BOOKMARK [2][-]{subsection.1.3.1}{\376\377\000R\000a\000n\000d\000o\000m\000\040\000F\000o\000r\000e\000s\000t\000\040\000\050\000R\036\353\000n\000g\000\040\000n\000g\036\253\000u\000\040\000n\000h\000i\000\352\000n\000\051}{section.1.3}% 25
\BOOKMARK [2][-]{subsection.1.3.2}{\376\377\000G\000r\000a\000d\000i\000e\000n\000t\000\040\000B\000o\000o\000s\000t\000i\000n\000g\000\040\000\050\000T\001\003\000n\000g\000\040\000c\001\260\036\335\000n\000g\000\040\001\021\036\331\000\040\000d\036\321\000c\000\051}{section.1.3}% 26
\BOOKMARK [2][-]{subsection.1.3.3}{\376\377\000X\000G\000B\000o\000o\000s\000t\000\040\000\050\000E\000x\000t\000r\000e\000m\000e\000\040\000G\000r\000a\000d\000i\000e\000n\000t\000\040\000B\000o\000o\000s\000t\000i\000n\000g\000\051}{section.1.3}% 27
\BOOKMARK [2][-]{subsection.1.3.4}{\376\377\000L\000o\000g\000i\000s\000t\000i\000c\000\040\000C\000l\000a\000s\000s\000i\000f\000i\000c\000a\000t\000i\000o\000n\000\040\000\050\000H\036\323\000i\000\040\000q\000u\000y\000\040\000L\000o\000g\000i\000s\000t\000i\000c\000\051}{section.1.3}% 28
\BOOKMARK [2][-]{subsection.1.3.5}{\376\377\000K\000-\000N\000e\000a\000r\000e\000s\000t\000\040\000N\000e\000i\000g\000h\000b\000o\000r\000s\000\040\000-\000\040\000K\000N\000N\000\040\000\050\000L\000\341\000n\000g\000\040\000g\000i\036\301\000n\000g\000\040\000g\036\247\000n\000\040\000n\000h\036\245\000t\000\051}{section.1.3}% 29
\BOOKMARK [2][-]{subsection.1.3.6}{\376\377\000K\000-\000M\000e\000a\000n\000s\000\040\000\050\000T\000h\000u\036\255\000t\000\040\000t\000o\000\341\000n\000\040\000p\000h\000\342\000n\000\040\000c\036\345\000m\000\040\000K\000\040\000t\000r\000u\000n\000g\000\040\000b\000\354\000n\000h\000\051}{section.1.3}% 30
\BOOKMARK [2][-]{subsection.1.3.7}{\376\377\000S\000p\000e\000c\000t\000r\000a\000l\000\040\000C\000l\000u\000s\000t\000e\000r\000i\000n\000g\000\040\000\050\000P\000h\000\342\000n\000\040\000c\036\345\000m\000\040\000p\000h\036\325\000\051}{section.1.3}% 31
\BOOKMARK [2][-]{subsection.1.3.8}{\376\377\000G\000a\000u\000s\000s\000i\000a\000n\000\040\000M\000i\000x\000t\000u\000r\000e\000\040\000M\000o\000d\000e\000l\000\040\000-\000\040\000G\000M\000M\000\040\000\050\000M\000\364\000\040\000h\000\354\000n\000h\000\040\000h\036\327\000n\000\040\000h\036\343\000p\000\040\000G\000a\000u\000s\000s\000\051}{section.1.3}% 32
\BOOKMARK [2][-]{subsection.1.3.9}{\376\377\000L\000S\000T\000M\000\040\000\050\000L\000o\000n\000g\000\040\000S\000h\000o\000r\000t\000-\000T\000e\000r\000m\000\040\000M\000e\000m\000o\000r\000y\000\051}{section.1.3}% 33
\BOOKMARK [1][-]{section.1.4}{\376\377\000G\000i\036\333\000i\000\040\000t\000h\000i\036\307\000u\000\040\000c\000\341\000c\000\040\000b\036\331\000\040\000c\000h\000u\036\251\000n\000\040\000h\000\363\000a\000\040\000d\036\357\000\040\000l\000i\036\307\000u}{chapter.1}% 34
\BOOKMARK [2][-]{subsection.1.4.1}{\376\377\000C\000h\000u\036\251\000n\000\040\000h\000\363\000a\000\040\000d\036\357\000\040\000l\000i\036\307\000u\000\040\000v\036\333\000i\000\040\000M\000i\000n\000-\000M\000a\000x\000\040\000S\000c\000a\000l\000e\000r}{section.1.4}% 35
\BOOKMARK [2][-]{subsection.1.4.2}{\376\377\000C\000h\000u\036\251\000n\000\040\000h\000\363\000a\000\040\000d\036\357\000\040\000l\000i\036\307\000u\000\040\000v\036\333\000i\000\040\000S\000t\000a\000n\000d\000a\000r\000d\000\040\000S\000c\000a\000l\000e\000r}{section.1.4}% 36
\BOOKMARK [2][-]{subsection.1.4.3}{\376\377\000C\000h\000u\036\251\000n\000\040\000h\000\363\000a\000\040\000d\036\357\000\040\000l\000i\036\307\000u\000\040\000v\036\333\000i\000\040\000R\000o\000b\000u\000s\000t\000\040\000S\000c\000a\000l\000e\000r}{section.1.4}% 37
\BOOKMARK [2][-]{subsection.1.4.4}{\376\377\000C\000h\000u\036\251\000n\000\040\000h\000\363\000a\000\040\000d\036\357\000\040\000l\000i\036\307\000u\000\040\000v\036\333\000i\000\040\000M\000a\000x\000A\000b\000s\000S\000c\000a\000l\000e\000r}{section.1.4}% 38
\BOOKMARK [2][-]{subsection.1.4.5}{\376\377\000C\000h\000u\036\251\000n\000\040\000h\000\363\000a\000\040\000d\036\357\000\040\000l\000i\036\307\000u\000\040\000v\036\333\000i\000\040\000Q\000u\000a\000n\000t\000i\000l\000e\000\040\000T\000r\000a\000n\000s\000f\000o\000r\000m\000e\000r}{section.1.4}% 39
\BOOKMARK [1][-]{section.1.5}{\376\377\000G\000i\036\333\000i\000\040\000t\000h\000i\036\307\000u\000\040\000c\000\341\000c\000\040\000c\000h\036\311\000\040\000s\036\321\000\040\001\021\000\341\000n\000h\000\040\000g\000i\000\341\000\040\000h\000i\036\307\000u\000\040\000s\000u\036\245\000t\000\040\000m\000\364\000\040\000h\000\354\000n\000h}{chapter.1}% 40
\BOOKMARK [2][-]{subsection.1.5.1}{\376\377\000A\000c\000c\000u\000r\000a\000c\000y\000\040\000\050\001\020\036\331\000\040\000c\000h\000\355\000n\000h\000\040\000x\000\341\000c\000\051}{section.1.5}% 41
\BOOKMARK [2][-]{subsection.1.5.2}{\376\377\000F\0001\000-\000s\000c\000o\000r\000e}{section.1.5}% 42
\BOOKMARK [2][-]{subsection.1.5.3}{\376\377\000P\000r\000e\000c\000i\000s\000i\000o\000n}{section.1.5}% 43
\BOOKMARK [2][-]{subsection.1.5.4}{\376\377\000R\000e\000c\000a\000l\000l}{section.1.5}% 44
\BOOKMARK [2][-]{subsection.1.5.5}{\376\377\000R\000O\000C\000\040\000A\000U\000C}{section.1.5}% 45
\BOOKMARK [2][-]{subsection.1.5.6}{\376\377\000M\000e\000a\000n\000\040\000S\000q\000u\000a\000r\000e\000d\000\040\000E\000r\000r\000o\000r\000\040\000\050\000M\000A\000E\000\051}{section.1.5}% 46
\BOOKMARK [2][-]{subsection.1.5.7}{\376\377\000M\000e\000a\000n\000\040\000A\000b\000s\000o\000l\000u\000t\000e\000\040\000E\000r\000r\000o\000r\000\040\000\050\000M\000A\000E\000\051}{section.1.5}% 47
\BOOKMARK [2][-]{subsection.1.5.8}{\376\377\000R\000o\000o\000t\000\040\000M\000e\000a\000n\000\040\000S\000q\000u\000a\000r\000e\000d\000\040\000E\000r\000r\000o\000r\000\040\000\050\000R\000M\000S\000E\000\051}{section.1.5}% 48
\BOOKMARK [2][-]{subsection.1.5.9}{\376\377\000M\000e\000a\000n\000\040\000A\000b\000s\000o\000l\000u\000t\000e\000\040\000P\000e\000r\000c\000e\000n\000t\000a\000g\000e\000\040\000E\000r\000r\000o\000r\000\040\000\050\000M\000A\000P\000E\000\051}{section.1.5}% 49
\BOOKMARK [2][-]{subsection.1.5.10}{\376\377\000A\000d\000j\000u\000s\000t\000e\000d\000\040\000R\000a\000n\000d\000\040\000I\000n\000d\000e\000x\000\040\000\050\000A\000R\000I\000\051}{section.1.5}% 50
\BOOKMARK [0][-]{chapter.2}{\376\377\000P\000h\000\342\000n\000\040\000t\000\355\000c\000h\000\040\000d\036\357\000\040\000l\000i\036\307\000u}{}% 51
\BOOKMARK [1][-]{section.2.1}{\376\377\000D\036\357\000\040\000l\000i\036\307\000u\000\040\000d\036\241\000n\000g\000\040\000b\036\243\000n\000g}{chapter.2}% 52
\BOOKMARK [2][-]{subsection.2.1.1}{\376\377\000P\000r\000e\000d\000i\000c\000t\000\040\000S\000t\000u\000d\000e\000n\000t\000'\000s\000\040\000D\000r\000o\000p\000o\000u\000t\000\040\000a\000n\000d\000\040\000A\000c\000a\000d\000e\000m\000i\000c\000\040\000S\000u\000c\000c\000e\000s\000s}{section.2.1}% 53
\BOOKMARK [2][-]{subsection.2.1.2}{\376\377\000M\000A\000L\000\040\000s\000h\000o\000w\000\040\000D\000a\000t\000a\000s\000e\000t}{section.2.1}% 54
\BOOKMARK [2][-]{subsection.2.1.3}{\376\377\000E\000x\000t\000r\000o\000v\000e\000r\000t\000\040\000v\000s\000.\000\040\000I\000n\000t\000r\000o\000v\000e\000r\000t\000\040\000B\000e\000h\000a\000v\000i\000o\000r\000\040\000D\000a\000t\000a}{section.2.1}% 55
\BOOKMARK [1][-]{section.2.2}{\376\377\000D\036\357\000\040\000l\000i\036\307\000u\000\040\000d\036\241\000n\000g\000\040\000c\000h\000u\036\327\000i\000\040\000t\000h\036\335\000i\000\040\000g\000i\000a\000n}{chapter.2}% 56
\BOOKMARK [2][-]{subsection.2.2.1}{\376\377\000D\000a\000i\000l\000y\000\040\000C\000l\000i\000m\000a\000t\000e\000\040\000D\000e\000l\000h\000i}{section.2.2}% 57
\BOOKMARK [2][-]{subsection.2.2.2}{\376\377\000D\036\357\000\040\000l\000i\036\307\000u\000\040\000l\001\260\036\343\000t\000\040\000k\000h\000\341\000m\000\040\000c\000h\036\357\000a\000\040\000b\036\307\000n\000h\000\040\000t\036\311\000n\000h\000\040\000S\000\363\000c\000\040\000T\000r\001\003\000n\000g}{section.2.2}% 58
\BOOKMARK [2][-]{subsection.2.2.3}{\376\377\000D\036\357\000\040\000l\000i\036\307\000u\000\040\000g\000i\000\341\000\040\000c\000h\036\351\000n\000g\000\040\000k\000h\000o\000\341\000n\000\040\000H\000\362\000a\000\040\000P\000h\000\341\000t\000\040\000G\000r\000o\000u\000p}{section.2.2}% 59
\BOOKMARK [1][-]{section.2.3}{\376\377\000D\036\357\000\040\000l\000i\036\307\000u\000\040\000d\036\241\000n\000g\000\040\036\243\000n\000h}{chapter.2}% 60
\BOOKMARK [2][-]{subsection.2.3.1}{\376\377\000S\000I\000I\000M\000-\000F\000I\000S\000A\000B\000I\000O\000-\000R\000S\000N\000A\000\040\000C\000O\000V\000I\000D\000-\0001\0009}{section.2.3}% 61
\BOOKMARK [2][-]{subsection.2.3.2}{\376\377\000O\000u\000t\000d\000o\000o\000r\000-\000f\000i\000r\000e\000\040\000d\000a\000t\000a\000s\000e\000t}{section.2.3}% 62
\BOOKMARK [0][-]{chapter*.154}{\376\377\000T\000\340\000i\000\040\000l\000i\036\307\000u\000\040\000t\000h\000a\000m\000\040\000k\000h\036\243\000o}{}% 63
